{"/home/vikas/Documents/Projects/ramdaplus/spec/drop.js":{"path":"/home/vikas/Documents/Projects/ramdaplus/spec/drop.js","s":{"1":1,"2":1,"3":0,"4":0,"5":0,"6":0,"7":0,"8":0,"9":0,"10":0,"11":0,"12":0,"13":0,"14":0},"b":{},"f":{"1":0,"2":0,"3":0,"4":0,"5":0},"fnMap":{"1":{"name":"(anonymous_1)","line":3,"loc":{"start":{"line":3,"column":17},"end":{"line":3,"column":28}}},"2":{"name":"(anonymous_2)","line":4,"loc":{"start":{"line":4,"column":75},"end":{"line":4,"column":86}}},"3":{"name":"(anonymous_3)","line":9,"loc":{"start":{"line":9,"column":80},"end":{"line":9,"column":91}}},"4":{"name":"(anonymous_4)","line":14,"loc":{"start":{"line":14,"column":81},"end":{"line":14,"column":92}}},"5":{"name":"(anonymous_5)","line":19,"loc":{"start":{"line":19,"column":58},"end":{"line":19,"column":69}}}},"statementMap":{"1":{"start":{"line":1,"column":0},"end":{"line":1,"column":26}},"2":{"start":{"line":3,"column":0},"end":{"line":23,"column":2}},"3":{"start":{"line":4,"column":2},"end":{"line":7,"column":4}},"4":{"start":{"line":5,"column":4},"end":{"line":5,"column":42}},"5":{"start":{"line":6,"column":4},"end":{"line":6,"column":37}},"6":{"start":{"line":9,"column":2},"end":{"line":12,"column":4}},"7":{"start":{"line":10,"column":4},"end":{"line":10,"column":45}},"8":{"start":{"line":11,"column":4},"end":{"line":11,"column":35}},"9":{"start":{"line":14,"column":2},"end":{"line":17,"column":4}},"10":{"start":{"line":15,"column":4},"end":{"line":15,"column":45}},"11":{"start":{"line":16,"column":4},"end":{"line":16,"column":32}},"12":{"start":{"line":19,"column":2},"end":{"line":22,"column":4}},"13":{"start":{"line":20,"column":4},"end":{"line":20,"column":45}},"14":{"start":{"line":21,"column":4},"end":{"line":21,"column":41}}},"branchMap":{}},"/home/vikas/Documents/Projects/ramdaplus/index.js":{"path":"/home/vikas/Documents/Projects/ramdaplus/index.js","s":{"1":1,"2":1,"3":1,"4":1,"5":1,"6":1,"7":1,"8":1,"9":1,"10":1,"11":1,"12":1,"13":1,"14":1,"15":1,"16":1},"b":{},"f":{},"fnMap":{},"statementMap":{"1":{"start":{"line":1,"column":0},"end":{"line":1,"column":35}},"2":{"start":{"line":2,"column":0},"end":{"line":2,"column":41}},"3":{"start":{"line":3,"column":0},"end":{"line":3,"column":37}},"4":{"start":{"line":4,"column":0},"end":{"line":4,"column":35}},"5":{"start":{"line":5,"column":0},"end":{"line":5,"column":39}},"6":{"start":{"line":6,"column":0},"end":{"line":6,"column":47}},"7":{"start":{"line":7,"column":0},"end":{"line":7,"column":47}},"8":{"start":{"line":8,"column":0},"end":{"line":8,"column":43}},"9":{"start":{"line":9,"column":0},"end":{"line":9,"column":39}},"10":{"start":{"line":10,"column":0},"end":{"line":10,"column":41}},"11":{"start":{"line":11,"column":0},"end":{"line":11,"column":37}},"12":{"start":{"line":12,"column":0},"end":{"line":12,"column":47}},"13":{"start":{"line":13,"column":0},"end":{"line":13,"column":43}},"14":{"start":{"line":14,"column":0},"end":{"line":14,"column":51}},"15":{"start":{"line":15,"column":0},"end":{"line":15,"column":47}},"16":{"start":{"line":16,"column":0},"end":{"line":16,"column":37}}},"branchMap":{}},"/home/vikas/Documents/Projects/ramdaplus/src/sum.js":{"path":"/home/vikas/Documents/Projects/ramdaplus/src/sum.js","s":{"1":1,"2":0,"3":0,"4":0,"5":0,"6":0,"7":0,"8":1,"9":0,"10":0,"11":1,"12":0,"13":0,"14":1},"b":{"1":[0,0],"2":[0,0],"3":[0,0]},"f":{"1":0,"2":0,"3":0},"fnMap":{"1":{"name":"(anonymous_1)","line":1,"loc":{"start":{"line":1,"column":12},"end":{"line":1,"column":36}}},"2":{"name":"(anonymous_2)","line":15,"loc":{"start":{"line":15,"column":30},"end":{"line":15,"column":67}}},"3":{"name":"(anonymous_3)","line":21,"loc":{"start":{"line":21,"column":26},"end":{"line":21,"column":61}}}},"statementMap":{"1":{"start":{"line":1,"column":0},"end":{"line":13,"column":1}},"2":{"start":{"line":2,"column":2},"end":{"line":2,"column":30}},"3":{"start":{"line":3,"column":2},"end":{"line":3,"column":38}},"4":{"start":{"line":5,"column":2},"end":{"line":9,"column":3}},"5":{"start":{"line":6,"column":4},"end":{"line":8,"column":59}},"6":{"start":{"line":10,"column":2},"end":{"line":12,"column":16}},"7":{"start":{"line":11,"column":4},"end":{"line":11,"column":23}},"8":{"start":{"line":15,"column":0},"end":{"line":19,"column":1}},"9":{"start":{"line":16,"column":2},"end":{"line":18,"column":4}},"10":{"start":{"line":17,"column":4},"end":{"line":17,"column":55}},"11":{"start":{"line":21,"column":0},"end":{"line":26,"column":1}},"12":{"start":{"line":22,"column":2},"end":{"line":25,"column":26}},"13":{"start":{"line":24,"column":6},"end":{"line":24,"column":40}},"14":{"start":{"line":28,"column":0},"end":{"line":28,"column":21}}},"branchMap":{"1":{"line":5,"type":"if","locations":[{"start":{"line":5,"column":2},"end":{"line":5,"column":2}},{"start":{"line":5,"column":2},"end":{"line":5,"column":2}}]},"2":{"line":6,"type":"cond-expr","locations":[{"start":{"line":7,"column":8},"end":{"line":7,"column":64}},{"start":{"line":8,"column":8},"end":{"line":8,"column":59}}]},"3":{"line":22,"type":"cond-expr","locations":[{"start":{"line":22,"column":34},"end":{"line":22,"column":35}},{"start":{"line":23,"column":6},"end":{"line":25,"column":25}}]}}},"/home/vikas/Documents/Projects/ramdaplus/src/filter.js":{"path":"/home/vikas/Documents/Projects/ramdaplus/src/filter.js","s":{"1":1,"2":0,"3":0,"4":0,"5":0,"6":0,"7":0,"8":0,"9":0,"10":1},"b":{"1":[0,0],"2":[0,0]},"f":{"1":0},"fnMap":{"1":{"name":"(anonymous_1)","line":1,"loc":{"start":{"line":1,"column":15},"end":{"line":1,"column":37}}}},"statementMap":{"1":{"start":{"line":1,"column":0},"end":{"line":13,"column":1}},"2":{"start":{"line":2,"column":2},"end":{"line":11,"column":3}},"3":{"start":{"line":3,"column":4},"end":{"line":3,"column":39}},"4":{"start":{"line":4,"column":4},"end":{"line":4,"column":35}},"5":{"start":{"line":5,"column":4},"end":{"line":10,"column":10}},"6":{"start":{"line":6,"column":6},"end":{"line":8,"column":7}},"7":{"start":{"line":7,"column":8},"end":{"line":7,"column":42}},"8":{"start":{"line":9,"column":6},"end":{"line":9,"column":17}},"9":{"start":{"line":12,"column":2},"end":{"line":12,"column":28}},"10":{"start":{"line":15,"column":0},"end":{"line":15,"column":24}}},"branchMap":{"1":{"line":2,"type":"if","locations":[{"start":{"line":2,"column":2},"end":{"line":2,"column":2}},{"start":{"line":2,"column":2},"end":{"line":2,"column":2}}]},"2":{"line":6,"type":"if","locations":[{"start":{"line":6,"column":6},"end":{"line":6,"column":6}},{"start":{"line":6,"column":6},"end":{"line":6,"column":6}}]}}},"/home/vikas/Documents/Projects/ramdaplus/src/find.js":{"path":"/home/vikas/Documents/Projects/ramdaplus/src/find.js","s":{"1":1,"2":0,"3":0,"4":0,"5":0,"6":1},"b":{"1":[0,0]},"f":{"1":0},"fnMap":{"1":{"name":"(anonymous_1)","line":1,"loc":{"start":{"line":1,"column":13},"end":{"line":1,"column":41}}}},"statementMap":{"1":{"start":{"line":1,"column":0},"end":{"line":8,"column":1}},"2":{"start":{"line":2,"column":2},"end":{"line":7,"column":4}},"3":{"start":{"line":3,"column":4},"end":{"line":5,"column":5}},"4":{"start":{"line":4,"column":6},"end":{"line":4,"column":35}},"5":{"start":{"line":6,"column":4},"end":{"line":6,"column":28}},"6":{"start":{"line":10,"column":0},"end":{"line":10,"column":22}}},"branchMap":{"1":{"line":3,"type":"if","locations":[{"start":{"line":3,"column":4},"end":{"line":3,"column":4}},{"start":{"line":3,"column":4},"end":{"line":3,"column":4}}]}}},"/home/vikas/Documents/Projects/ramdaplus/src/map.js":{"path":"/home/vikas/Documents/Projects/ramdaplus/src/map.js","s":{"1":1,"2":0,"3":0,"4":0,"5":0,"6":0,"7":0,"8":0,"9":0,"10":0,"11":0,"12":0,"13":0,"14":0,"15":1},"b":{"1":[0,0],"2":[0,0],"3":[0,0]},"f":{"1":0},"fnMap":{"1":{"name":"(anonymous_1)","line":1,"loc":{"start":{"line":1,"column":12},"end":{"line":1,"column":34}}}},"statementMap":{"1":{"start":{"line":1,"column":0},"end":{"line":22,"column":1}},"2":{"start":{"line":2,"column":2},"end":{"line":14,"column":3}},"3":{"start":{"line":3,"column":4},"end":{"line":13,"column":6}},"4":{"start":{"line":4,"column":6},"end":{"line":12,"column":7}},"5":{"start":{"line":5,"column":8},"end":{"line":5,"column":43}},"6":{"start":{"line":6,"column":8},"end":{"line":6,"column":39}},"7":{"start":{"line":7,"column":8},"end":{"line":9,"column":10}},"8":{"start":{"line":8,"column":10},"end":{"line":8,"column":48}},"9":{"start":{"line":11,"column":8},"end":{"line":11,"column":27}},"10":{"start":{"line":15,"column":2},"end":{"line":21,"column":3}},"11":{"start":{"line":16,"column":4},"end":{"line":16,"column":39}},"12":{"start":{"line":17,"column":4},"end":{"line":17,"column":35}},"13":{"start":{"line":18,"column":4},"end":{"line":20,"column":6}},"14":{"start":{"line":19,"column":6},"end":{"line":19,"column":44}},"15":{"start":{"line":24,"column":0},"end":{"line":24,"column":21}}},"branchMap":{"1":{"line":2,"type":"if","locations":[{"start":{"line":2,"column":2},"end":{"line":2,"column":2}},{"start":{"line":2,"column":2},"end":{"line":2,"column":2}}]},"2":{"line":4,"type":"if","locations":[{"start":{"line":4,"column":6},"end":{"line":4,"column":6}},{"start":{"line":4,"column":6},"end":{"line":4,"column":6}}]},"3":{"line":15,"type":"if","locations":[{"start":{"line":15,"column":2},"end":{"line":15,"column":2}},{"start":{"line":15,"column":2},"end":{"line":15,"column":2}}]}}},"/home/vikas/Documents/Projects/ramdaplus/src/camelCase.js":{"path":"/home/vikas/Documents/Projects/ramdaplus/src/camelCase.js","s":{"1":1,"2":0,"3":0,"4":0,"5":0,"6":0,"7":0,"8":0,"9":1},"b":{"1":[0,0]},"f":{"1":0},"fnMap":{"1":{"name":"(anonymous_1)","line":1,"loc":{"start":{"line":1,"column":18},"end":{"line":1,"column":35}}}},"statementMap":{"1":{"start":{"line":1,"column":0},"end":{"line":10,"column":1}},"2":{"start":{"line":2,"column":2},"end":{"line":2,"column":35}},"3":{"start":{"line":3,"column":2},"end":{"line":3,"column":19}},"4":{"start":{"line":4,"column":2},"end":{"line":8,"column":4}},"5":{"start":{"line":5,"column":4},"end":{"line":5,"column":63}},"6":{"start":{"line":6,"column":4},"end":{"line":6,"column":101}},"7":{"start":{"line":7,"column":4},"end":{"line":7,"column":39}},"8":{"start":{"line":9,"column":2},"end":{"line":9,"column":18}},"9":{"start":{"line":12,"column":0},"end":{"line":12,"column":27}}},"branchMap":{"1":{"line":6,"type":"cond-expr","locations":[{"start":{"line":6,"column":64},"end":{"line":6,"column":86}},{"start":{"line":6,"column":89},"end":{"line":6,"column":100}}]}}},"/home/vikas/Documents/Projects/ramdaplus/src/mapValues.js":{"path":"/home/vikas/Documents/Projects/ramdaplus/src/mapValues.js","s":{"1":1,"2":0,"3":0,"4":0,"5":0,"6":0,"7":0,"8":1},"b":{"1":[0,0]},"f":{"1":0},"fnMap":{"1":{"name":"(anonymous_1)","line":1,"loc":{"start":{"line":1,"column":18},"end":{"line":1,"column":41}}}},"statementMap":{"1":{"start":{"line":1,"column":0},"end":{"line":9,"column":1}},"2":{"start":{"line":2,"column":2},"end":{"line":2,"column":35}},"3":{"start":{"line":3,"column":2},"end":{"line":3,"column":20}},"4":{"start":{"line":4,"column":2},"end":{"line":7,"column":4}},"5":{"start":{"line":5,"column":4},"end":{"line":5,"column":113}},"6":{"start":{"line":6,"column":4},"end":{"line":6,"column":33}},"7":{"start":{"line":8,"column":2},"end":{"line":8,"column":18}},"8":{"start":{"line":11,"column":0},"end":{"line":11,"column":27}}},"branchMap":{"1":{"line":5,"type":"cond-expr","locations":[{"start":{"line":5,"column":64},"end":{"line":5,"column":92}},{"start":{"line":5,"column":95},"end":{"line":5,"column":112}}]}}},"/home/vikas/Documents/Projects/ramdaplus/src/compact.js":{"path":"/home/vikas/Documents/Projects/ramdaplus/src/compact.js","s":{"1":1,"2":0,"3":0,"4":0,"5":0,"6":1},"b":{"1":[0,0]},"f":{"1":0},"fnMap":{"1":{"name":"(anonymous_1)","line":1,"loc":{"start":{"line":1,"column":16},"end":{"line":1,"column":32}}}},"statementMap":{"1":{"start":{"line":1,"column":0},"end":{"line":8,"column":1}},"2":{"start":{"line":2,"column":2},"end":{"line":7,"column":9}},"3":{"start":{"line":3,"column":4},"end":{"line":5,"column":5}},"4":{"start":{"line":4,"column":6},"end":{"line":4,"column":24}},"5":{"start":{"line":6,"column":4},"end":{"line":6,"column":15}},"6":{"start":{"line":10,"column":0},"end":{"line":10,"column":25}}},"branchMap":{"1":{"line":3,"type":"if","locations":[{"start":{"line":3,"column":4},"end":{"line":3,"column":4}},{"start":{"line":3,"column":4},"end":{"line":3,"column":4}}]}}},"/home/vikas/Documents/Projects/ramdaplus/src/chunk.js":{"path":"/home/vikas/Documents/Projects/ramdaplus/src/chunk.js","s":{"1":1,"2":0,"3":0,"4":0,"5":0,"6":0,"7":0,"8":0,"9":0,"10":0,"11":0,"12":0,"13":0,"14":0,"15":1},"b":{"1":[0,0],"2":[0,0]},"f":{"1":0},"fnMap":{"1":{"name":"(anonymous_1)","line":1,"loc":{"start":{"line":1,"column":14},"end":{"line":1,"column":36}}}},"statementMap":{"1":{"start":{"line":1,"column":0},"end":{"line":18,"column":1}},"2":{"start":{"line":2,"column":2},"end":{"line":2,"column":30}},"3":{"start":{"line":3,"column":2},"end":{"line":5,"column":3}},"4":{"start":{"line":4,"column":4},"end":{"line":4,"column":20}},"5":{"start":{"line":6,"column":2},"end":{"line":6,"column":40}},"6":{"start":{"line":7,"column":2},"end":{"line":7,"column":16}},"7":{"start":{"line":8,"column":2},"end":{"line":8,"column":18}},"8":{"start":{"line":9,"column":2},"end":{"line":16,"column":9}},"9":{"start":{"line":10,"column":4},"end":{"line":14,"column":5}},"10":{"start":{"line":11,"column":6},"end":{"line":11,"column":39}},"11":{"start":{"line":12,"column":6},"end":{"line":12,"column":18}},"12":{"start":{"line":13,"column":6},"end":{"line":13,"column":24}},"13":{"start":{"line":15,"column":4},"end":{"line":15,"column":15}},"14":{"start":{"line":17,"column":2},"end":{"line":17,"column":18}},"15":{"start":{"line":20,"column":0},"end":{"line":20,"column":23}}},"branchMap":{"1":{"line":3,"type":"if","locations":[{"start":{"line":3,"column":2},"end":{"line":3,"column":2}},{"start":{"line":3,"column":2},"end":{"line":3,"column":2}}]},"2":{"line":10,"type":"if","locations":[{"start":{"line":10,"column":4},"end":{"line":10,"column":4}},{"start":{"line":10,"column":4},"end":{"line":10,"column":4}}]}}},"/home/vikas/Documents/Projects/ramdaplus/src/concat.js":{"path":"/home/vikas/Documents/Projects/ramdaplus/src/concat.js","s":{"1":1,"2":0,"3":1},"b":{},"f":{"1":0},"fnMap":{"1":{"name":"(anonymous_1)","line":1,"loc":{"start":{"line":1,"column":15},"end":{"line":1,"column":42}}}},"statementMap":{"1":{"start":{"line":1,"column":0},"end":{"line":3,"column":1}},"2":{"start":{"line":2,"column":2},"end":{"line":2,"column":32}},"3":{"start":{"line":5,"column":0},"end":{"line":5,"column":24}}},"branchMap":{}},"/home/vikas/Documents/Projects/ramdaplus/src/drop.js":{"path":"/home/vikas/Documents/Projects/ramdaplus/src/drop.js","s":{"1":1,"2":0,"3":0,"4":0,"5":1},"b":{"1":[0,0]},"f":{"1":0},"fnMap":{"1":{"name":"(anonymous_1)","line":1,"loc":{"start":{"line":1,"column":13},"end":{"line":1,"column":37}}}},"statementMap":{"1":{"start":{"line":1,"column":0},"end":{"line":6,"column":1}},"2":{"start":{"line":2,"column":2},"end":{"line":4,"column":3}},"3":{"start":{"line":3,"column":4},"end":{"line":3,"column":29}},"4":{"start":{"line":5,"column":2},"end":{"line":5,"column":24}},"5":{"start":{"line":8,"column":0},"end":{"line":8,"column":22}}},"branchMap":{"1":{"line":2,"type":"if","locations":[{"start":{"line":2,"column":2},"end":{"line":2,"column":2}},{"start":{"line":2,"column":2},"end":{"line":2,"column":2}}]}}},"/home/vikas/Documents/Projects/ramdaplus/src/dropRight.js":{"path":"/home/vikas/Documents/Projects/ramdaplus/src/dropRight.js","s":{"1":1,"2":0,"3":0,"4":0,"5":0,"6":0,"7":1},"b":{"1":[0,0],"2":[0,0]},"f":{"1":0},"fnMap":{"1":{"name":"(anonymous_1)","line":1,"loc":{"start":{"line":1,"column":18},"end":{"line":1,"column":42}}}},"statementMap":{"1":{"start":{"line":1,"column":0},"end":{"line":9,"column":1}},"2":{"start":{"line":2,"column":2},"end":{"line":7,"column":3}},"3":{"start":{"line":3,"column":4},"end":{"line":5,"column":5}},"4":{"start":{"line":4,"column":6},"end":{"line":4,"column":39}},"5":{"start":{"line":6,"column":4},"end":{"line":6,"column":16}},"6":{"start":{"line":8,"column":2},"end":{"line":8,"column":28}},"7":{"start":{"line":11,"column":0},"end":{"line":11,"column":27}}},"branchMap":{"1":{"line":2,"type":"if","locations":[{"start":{"line":2,"column":2},"end":{"line":2,"column":2}},{"start":{"line":2,"column":2},"end":{"line":2,"column":2}}]},"2":{"line":3,"type":"if","locations":[{"start":{"line":3,"column":4},"end":{"line":3,"column":4}},{"start":{"line":3,"column":4},"end":{"line":3,"column":4}}]}}},"/home/vikas/Documents/Projects/ramdaplus/src/flatten.js":{"path":"/home/vikas/Documents/Projects/ramdaplus/src/flatten.js","s":{"1":1,"2":0,"3":0,"4":0,"5":0,"6":0,"7":0,"8":0,"9":0,"10":1},"b":{"1":[0,0],"2":[0,0]},"f":{"1":0},"fnMap":{"1":{"name":"(anonymous_1)","line":1,"loc":{"start":{"line":1,"column":16},"end":{"line":1,"column":32}}}},"statementMap":{"1":{"start":{"line":1,"column":0},"end":{"line":16,"column":1}},"2":{"start":{"line":2,"column":2},"end":{"line":14,"column":3}},"3":{"start":{"line":3,"column":4},"end":{"line":13,"column":11}},"4":{"start":{"line":4,"column":6},"end":{"line":11,"column":7}},"5":{"start":{"line":5,"column":8},"end":{"line":7,"column":10}},"6":{"start":{"line":6,"column":10},"end":{"line":6,"column":24}},"7":{"start":{"line":10,"column":8},"end":{"line":10,"column":24}},"8":{"start":{"line":12,"column":6},"end":{"line":12,"column":17}},"9":{"start":{"line":15,"column":2},"end":{"line":15,"column":26}},"10":{"start":{"line":18,"column":0},"end":{"line":18,"column":25}}},"branchMap":{"1":{"line":2,"type":"if","locations":[{"start":{"line":2,"column":2},"end":{"line":2,"column":2}},{"start":{"line":2,"column":2},"end":{"line":2,"column":2}}]},"2":{"line":4,"type":"if","locations":[{"start":{"line":4,"column":6},"end":{"line":4,"column":6}},{"start":{"line":4,"column":6},"end":{"line":4,"column":6}}]}}},"/home/vikas/Documents/Projects/ramdaplus/src/flattenDeep.js":{"path":"/home/vikas/Documents/Projects/ramdaplus/src/flattenDeep.js","s":{"1":1,"2":0,"3":0,"4":0,"5":0,"6":0,"7":0,"8":0,"9":1,"10":0,"11":0,"12":0,"13":0,"14":0,"15":0,"16":0,"17":1},"b":{"1":[0,0],"2":[0,0],"3":[0,0]},"f":{"1":0,"2":0},"fnMap":{"1":{"name":"(anonymous_1)","line":1,"loc":{"start":{"line":1,"column":20},"end":{"line":1,"column":36}}},"2":{"name":"(anonymous_2)","line":17,"loc":{"start":{"line":17,"column":13},"end":{"line":17,"column":29}}}},"statementMap":{"1":{"start":{"line":1,"column":0},"end":{"line":14,"column":1}},"2":{"start":{"line":2,"column":2},"end":{"line":12,"column":3}},"3":{"start":{"line":3,"column":4},"end":{"line":11,"column":11}},"4":{"start":{"line":4,"column":6},"end":{"line":9,"column":7}},"5":{"start":{"line":5,"column":8},"end":{"line":5,"column":40}},"6":{"start":{"line":8,"column":8},"end":{"line":8,"column":24}},"7":{"start":{"line":10,"column":6},"end":{"line":10,"column":17}},"8":{"start":{"line":13,"column":2},"end":{"line":13,"column":26}},"9":{"start":{"line":17,"column":0},"end":{"line":29,"column":1}},"10":{"start":{"line":18,"column":2},"end":{"line":27,"column":9}},"11":{"start":{"line":19,"column":4},"end":{"line":25,"column":5}},"12":{"start":{"line":20,"column":6},"end":{"line":20,"column":34}},"13":{"start":{"line":21,"column":6},"end":{"line":21,"column":32}},"14":{"start":{"line":24,"column":6},"end":{"line":24,"column":22}},"15":{"start":{"line":26,"column":4},"end":{"line":26,"column":15}},"16":{"start":{"line":28,"column":2},"end":{"line":28,"column":13}},"17":{"start":{"line":31,"column":0},"end":{"line":31,"column":29}}},"branchMap":{"1":{"line":2,"type":"if","locations":[{"start":{"line":2,"column":2},"end":{"line":2,"column":2}},{"start":{"line":2,"column":2},"end":{"line":2,"column":2}}]},"2":{"line":4,"type":"if","locations":[{"start":{"line":4,"column":6},"end":{"line":4,"column":6}},{"start":{"line":4,"column":6},"end":{"line":4,"column":6}}]},"3":{"line":19,"type":"if","locations":[{"start":{"line":19,"column":4},"end":{"line":19,"column":4}},{"start":{"line":19,"column":4},"end":{"line":19,"column":4}}]}}},"/home/vikas/Documents/Projects/ramdaplus/src/fromPairs.js":{"path":"/home/vikas/Documents/Projects/ramdaplus/src/fromPairs.js","s":{"1":1,"2":0,"3":0,"4":0,"5":1},"b":{},"f":{"1":0},"fnMap":{"1":{"name":"(anonymous_1)","line":1,"loc":{"start":{"line":1,"column":18},"end":{"line":1,"column":34}}}},"statementMap":{"1":{"start":{"line":1,"column":0},"end":{"line":6,"column":1}},"2":{"start":{"line":2,"column":2},"end":{"line":5,"column":8}},"3":{"start":{"line":3,"column":4},"end":{"line":3,"column":29}},"4":{"start":{"line":4,"column":4},"end":{"line":4,"column":15}},"5":{"start":{"line":8,"column":0},"end":{"line":8,"column":27}}},"branchMap":{}},"/home/vikas/Documents/Projects/ramdaplus/src/head.js":{"path":"/home/vikas/Documents/Projects/ramdaplus/src/head.js","s":{"1":1,"2":0,"3":1},"b":{},"f":{"1":0},"fnMap":{"1":{"name":"(anonymous_1)","line":1,"loc":{"start":{"line":1,"column":13},"end":{"line":1,"column":29}}}},"statementMap":{"1":{"start":{"line":1,"column":0},"end":{"line":3,"column":1}},"2":{"start":{"line":2,"column":2},"end":{"line":2,"column":18}},"3":{"start":{"line":5,"column":0},"end":{"line":5,"column":22}}},"branchMap":{}}}